00000000000i[     ] Bochs x86 Emulator 2.6
00000000000i[     ]   Built from SVN snapshot on September 2nd, 2012
00000000000i[     ] System configuration
00000000000i[     ]   processors: 1 (cores=1, HT threads=1)
00000000000i[     ]   A20 line support: yes
00000000000i[     ] IPS is set to 4000000
00000000000i[     ] CPU configuration
00000000000i[     ]   level: 6
00000000000i[     ]   SMP support: no
00000000000i[     ]   APIC support: xapic
00000000000i[     ]   FPU support: yes
00000000000i[     ]   MMX support: yes
00000000000i[     ]   3dnow! support: no
00000000000i[     ]   SEP support: yes
00000000000i[     ]   SSE support: sse2
00000000000i[     ]   XSAVE support: no 
00000000000i[     ]   AES support: no
00000000000i[     ]   MOVBE support: no
00000000000i[     ]   ADX support: no
00000000000i[     ]   x86-64 support: yes
00000000000i[     ]   1G paging support: no
00000000000i[     ]   MWAIT support: yes
00000000000i[     ]   AVX support: no
00000000000i[     ]   VMX support: 1
00000000000i[     ] Optimization configuration
00000000000i[     ]   RepeatSpeedups support: yes
00000000000i[     ]   Fast function calls: yes
00000000000i[     ]   Handlers Chaining speedups: no
00000000000i[     ] Devices configuration
00000000000i[     ]   NE2000 support: yes
00000000000i[     ]   PCI support: yes, enabled=yes
00000000000i[     ]   SB16 support: yes
00000000000i[     ]   USB support: yes
00000000000i[     ]   VGA extension support: vbe cirrus
00000000000i[MEM0 ] allocated memory at 0x7ff8fc8db010. after alignment, vector=0x7ff8fc8dc000
00000000000i[MEM0 ] 32.00MB
00000000000i[MEM0 ] mem block size = 0x00100000, blocks=32
00000000000p[MEM0 ] >>PANIC<< ROM: couldn't open ROM image file '/usr/local/Cellar/bochs/2.6.8/share/bochs/BIOS-bochs-latest'.
00000000000i[CPU0 ] CPU is in real mode (active)
00000000000i[CPU0 ] CS.mode = 16 bit
00000000000i[CPU0 ] SS.mode = 16 bit
00000000000i[CPU0 ] EFER   = 0x00000000
00000000000i[CPU0 ] | EAX=00000000  EBX=00000000  ECX=00000000  EDX=00000000
00000000000i[CPU0 ] | ESP=00000000  EBP=00000000  ESI=00000000  EDI=00000000
00000000000i[CPU0 ] | IOPL=0 id vip vif ac vm rf nt of df if tf sf ZF af PF cf
00000000000i[CPU0 ] | SEG sltr(index|ti|rpl)     base    limit G D
00000000000i[CPU0 ] |  CS:0000( 0000| 0|  0) 00000000 00000000 0 0
00000000000i[CPU0 ] |  DS:0000( 0000| 0|  0) 00000000 00000000 0 0
00000000000i[CPU0 ] |  SS:0000( 0000| 0|  0) 00000000 00000000 0 0
00000000000i[CPU0 ] |  ES:0000( 0000| 0|  0) 00000000 00000000 0 0
00000000000i[CPU0 ] |  FS:0000( 0000| 0|  0) 00000000 00000000 0 0
00000000000i[CPU0 ] |  GS:0000( 0000| 0|  0) 00000000 00000000 0 0
00000000000i[CPU0 ] | EIP=00000000 (00000000)
00000000000i[CPU0 ] | CR0=0x00000000 CR2=0x00000000
00000000000i[CPU0 ] | CR3=0x00000000 CR4=0x00000000
00000000000i[MEM0 ] allocate_block: block=0x0 used 0x1 of 0x20
00000000000i[CTRL ] quit_sim called with exit code 1
